<?xml version="1.0" encoding="UTF-8"?>
<testsuite name="shop.cashregister.CashRegisterApplicationTests" tests="1" skipped="0" failures="0" errors="0" timestamp="2021-08-03T05:22:22" hostname="prime" time="0.004">
  <properties/>
  <testcase name="contextLoads()" classname="shop.cashregister.CashRegisterApplicationTests" time="0.004"/>
  <system-out><![CDATA[2021-08-03 07:22:22.079  INFO 53030 --- [    Test worker] .b.t.c.SpringBootTestContextBootstrapper : Neither @ContextConfiguration nor @ContextHierarchy found for test class [shop.cashregister.CashRegisterApplicationTests], using SpringBootContextLoader
2021-08-03 07:22:22.081  INFO 53030 --- [    Test worker] o.s.t.c.support.AbstractContextLoader    : Could not detect default resource locations for test class [shop.cashregister.CashRegisterApplicationTests]: no resource found for suffixes {-context.xml, Context.groovy}.
2021-08-03 07:22:22.081  INFO 53030 --- [    Test worker] t.c.s.AnnotationConfigContextLoaderUtils : Could not detect default configuration classes for test class [shop.cashregister.CashRegisterApplicationTests]: CashRegisterApplicationTests does not declare any static, non-private, non-final, nested classes annotated with @Configuration.
2021-08-03 07:22:22.087  INFO 53030 --- [    Test worker] .b.t.c.SpringBootTestContextBootstrapper : Found @SpringBootConfiguration shop.cashregister.CashRegisterApplication for test class shop.cashregister.CashRegisterApplicationTests
2021-08-03 07:22:22.089  INFO 53030 --- [    Test worker] .b.t.c.SpringBootTestContextBootstrapper : Loaded default TestExecutionListener class names from location [META-INF/spring.factories]: [org.springframework.security.test.context.support.WithSecurityContextTestExecutionListener, org.springframework.security.test.context.support.ReactorContextTestExecutionListener, org.springframework.boot.test.autoconfigure.restdocs.RestDocsTestExecutionListener, org.springframework.boot.test.autoconfigure.web.client.MockRestServiceServerResetTestExecutionListener, org.springframework.boot.test.autoconfigure.web.servlet.MockMvcPrintOnlyOnFailureTestExecutionListener, org.springframework.boot.test.autoconfigure.web.servlet.WebDriverTestExecutionListener, org.springframework.boot.test.autoconfigure.webservices.client.MockWebServiceServerTestExecutionListener, org.springframework.boot.test.mock.mockito.MockitoTestExecutionListener, org.springframework.boot.test.mock.mockito.ResetMocksTestExecutionListener, org.springframework.test.context.web.ServletTestExecutionListener, org.springframework.test.context.support.DirtiesContextBeforeModesTestExecutionListener, org.springframework.test.context.event.ApplicationEventsTestExecutionListener, org.springframework.test.context.support.DependencyInjectionTestExecutionListener, org.springframework.test.context.support.DirtiesContextTestExecutionListener, org.springframework.test.context.transaction.TransactionalTestExecutionListener, org.springframework.test.context.jdbc.SqlScriptsTestExecutionListener, org.springframework.test.context.event.EventPublishingTestExecutionListener]
2021-08-03 07:22:22.090  INFO 53030 --- [    Test worker] .b.t.c.SpringBootTestContextBootstrapper : Using TestExecutionListeners: [org.springframework.test.context.web.ServletTestExecutionListener@5a3a8d8c, org.springframework.test.context.support.DirtiesContextBeforeModesTestExecutionListener@7d882a91, org.springframework.test.context.event.ApplicationEventsTestExecutionListener@3b0ee054, org.springframework.boot.test.mock.mockito.MockitoTestExecutionListener@5799f342, org.springframework.boot.test.autoconfigure.SpringBootDependencyInjectionTestExecutionListener@594152d0, org.springframework.test.context.support.DirtiesContextTestExecutionListener@65a127cb, org.springframework.test.context.transaction.TransactionalTestExecutionListener@29e1676b, org.springframework.test.context.jdbc.SqlScriptsTestExecutionListener@31fa82f6, org.springframework.security.test.context.support.WithSecurityContextTestExecutionListener@627e81cb, org.springframework.test.context.event.EventPublishingTestExecutionListener@e8d6d30, org.springframework.security.test.context.support.ReactorContextTestExecutionListener@2c7589b5, org.springframework.boot.test.autoconfigure.restdocs.RestDocsTestExecutionListener@497d53ff, org.springframework.boot.test.autoconfigure.web.client.MockRestServiceServerResetTestExecutionListener@5f9be3c2, org.springframework.boot.test.autoconfigure.web.servlet.MockMvcPrintOnlyOnFailureTestExecutionListener@3a1ae1ec, org.springframework.boot.test.autoconfigure.web.servlet.WebDriverTestExecutionListener@3aa2ff3b, org.springframework.boot.test.autoconfigure.webservices.client.MockWebServiceServerTestExecutionListener@1963a13b, org.springframework.boot.test.mock.mockito.ResetMocksTestExecutionListener@1966c426]
]]></system-out>
  <system-err><![CDATA[]]></system-err>
</testsuite>
